Jan 22, 2019 8:52:57 PM bpa_project.AudioPlayer setAudio
FINE: Setting audio to MapSelc1D.wav
Jan 22, 2019 8:52:57 PM bpa_project.AudioPlayer loopAudio
FINE: Starting audio
Jan 22, 2019 8:52:57 PM bpa_project.GameWindow setWindowContent
FINE: Changing window content to MainMenu
Jan 22, 2019 8:52:58 PM bpa_project.GameWindow setWindowContent
FINE: Changing window content to MapSelect
Jan 22, 2019 8:52:58 PM bpa_project.AudioPlayer setAudio
FINE: Setting audio to MapSelc2D.wav
Jan 22, 2019 8:52:58 PM bpa_project.MapSelect selectMap
INFO: Selected map #3
Jan 22, 2019 8:52:58 PM bpa_project.Tilemap <init>
FINE: Parsing tilemap file: c:\projects\github\repos\BPA_Project\assets\maps\SnowMap.bm
Jan 22, 2019 8:52:58 PM bpa_project.GameWindow setWindowContent
FINE: Changing window content to CharacterSelect
Jan 22, 2019 8:52:58 PM bpa_project.AudioPlayer setAudio
FINE: Setting audio to MapSelc3D.wav
Jan 22, 2019 8:52:59 PM bpa_project.GameWindow$1 windowClosing
INFO: Closing game.
